<?xml version="1.0" encoding="UTF-8"?>
<!-- Generated by org.testng.reporters.JUnitXMLReporter -->
<testsuite hostname="BLRDSPRASAD" name="GRP-DailyBooking" tests="8" failures="0" timestamp="13 Mar 2019 10:19:32 GMT" time="571.885" errors="0">
  <testcase name="BCOMbookingByAddingNewAMEXCard" time="94.208" classname="com.hotelhub.powermode.tests.HotelBookingTest"/>
  <testcase name="BCOMbookingWithAutoBookFeature" time="63.068" classname="com.hotelhub.powermode.tests.HotelBookingTest"/>
  <testcase name="BCOMbookingByAddingNewVISACard" time="63.409" classname="com.hotelhub.powermode.tests.HotelBookingTest"/>
  <testcase name="BCOMbookingWithPortraitCard" time="64.203" classname="com.hotelhub.powermode.tests.HotelBookingTest"/>
  <testcase name="HHEbookingByAddingNewAMEXCard" time="62.455" classname="com.hotelhub.powermode.tests.HotelBookingTest"/>
  <testcase name="HHEbookingWithAutoBookFeature" time="54.535" classname="com.hotelhub.powermode.tests.HotelBookingTest"/>
  <testcase name="HHEbookingWithPortraitCard" time="58.661" classname="com.hotelhub.powermode.tests.HotelBookingTest"/>
  <testcase name="HHEbookingByAddingNewVISACard" time="57.498" classname="com.hotelhub.powermode.tests.HotelBookingTest"/>
</testsuite> <!-- GRP-DailyBooking -->
