<?xml version="1.0" encoding="UTF-8"?>
<!-- Generated by org.testng.reporters.JUnitXMLReporter -->
<testsuite hostname="BLRDSUNIVA" name="Power Mode Tests" tests="1" failures="1" timestamp="20 Dec 2018 08:42:59 GMT" time="6.697" errors="0">
  <testcase name="@AfterMethod cleanupBrowser" time="0.0" classname="com.hotelhub.powermode.tests.HotelBookingTest">
    <failure type="java.lang.NullPointerException">
      <![CDATA[java.lang.NullPointerException
	at base.Base.cleanupBrowser(Base.java:114)
... Removed 26 stack frames]]>
    </failure>
  </testcase> <!-- @AfterMethod cleanupBrowser -->
  <testcase name="BCOMbookingWithVISACard" time="0.008" classname="com.hotelhub.powermode.tests.HotelBookingTest">
    <failure type="java.lang.NullPointerException">
      <![CDATA[java.lang.NullPointerException
	at com.hotelhub.powermode.helpers.HotelBookingHelper.enterCustomerOrPNROrReferenceNumber(HotelBookingHelper.java:83)
	at com.hotelhub.powermode.tests.HotelBookingTest.BCOMbookingWithVISACard(HotelBookingTest.java:48)
... Removed 24 stack frames]]>
    </failure>
  </testcase> <!-- BCOMbookingWithVISACard -->
</testsuite> <!-- Power Mode Tests -->
